2021-03-07 23:21:57,477 [INFO] from play.api.http.EnabledFilters in play-dev-mode-akka.actor.default-dispatcher-4 - Enabled Filters (see <https://www.playframework.com/documentation/latest/Filters>):

    play.filters.csrf.CSRFFilter
    play.filters.headers.SecurityHeadersFilter
    play.filters.hosts.AllowedHostsFilter

2021-03-07 23:21:57,484 [INFO] from play.api.Play in play-dev-mode-akka.actor.default-dispatcher-4 - Application started (Dev) (no global state)
2021-03-07 23:21:57,654 [WARN] from play.api.mvc.DefaultJWTCookieDataCodec in application-akka.actor.default-dispatcher-2 - decode: cookie has invalid signature! message = JWT signature does not match locally computed signature. JWT validity cannot be asserted and should not be trusted.
2021-03-07 23:21:57,655 [INFO] from play.api.mvc.DefaultJWTCookieDataCodec in application-akka.actor.default-dispatcher-2 - The JWT signature in the cookie does not match the locally computed signature with the server. This usually indicates the browser has a leftover cookie from another Play application, so clearing cookies may resolve this error message.
2021-03-07 23:22:01,184 [WARN] from play.api.mvc.DefaultJWTCookieDataCodec in application-akka.actor.default-dispatcher-2 - decode: cookie has invalid signature! message = JWT signature does not match locally computed signature. JWT validity cannot be asserted and should not be trusted.
2021-03-07 23:22:01,184 [INFO] from play.api.mvc.DefaultJWTCookieDataCodec in application-akka.actor.default-dispatcher-2 - The JWT signature in the cookie does not match the locally computed signature with the server. This usually indicates the browser has a leftover cookie from another Play application, so clearing cookies may resolve this error message.
2021-03-07 23:22:07,859 [WARN] from play.api.mvc.DefaultJWTCookieDataCodec in application-akka.actor.default-dispatcher-2 - decode: cookie has invalid signature! message = JWT signature does not match locally computed signature. JWT validity cannot be asserted and should not be trusted.
2021-03-07 23:22:07,859 [INFO] from play.api.mvc.DefaultJWTCookieDataCodec in application-akka.actor.default-dispatcher-2 - The JWT signature in the cookie does not match the locally computed signature with the server. This usually indicates the browser has a leftover cookie from another Play application, so clearing cookies may resolve this error message.
2021-03-07 23:22:11,930 [WARN] from play.api.mvc.DefaultJWTCookieDataCodec in application-akka.actor.default-dispatcher-2 - decode: could not decode JWT: null
java.lang.NullPointerException: null
	at play.api.mvc.JWTCookieDataCodec.$anonfun$decode$7(Cookie.scala:636)
	at scala.collection.MapLike$MappedValues.$anonfun$foreach$3(MapLike.scala:253)
	at scala.collection.TraversableLike$WithFilter.$anonfun$foreach$1(TraversableLike.scala:789)
	at scala.collection.Iterator.foreach(Iterator.scala:929)
	at scala.collection.Iterator.foreach$(Iterator.scala:929)
	at scala.collection.AbstractIterator.foreach(Iterator.scala:1417)
	at scala.collection.IterableLike.foreach(IterableLike.scala:71)
	at scala.collection.IterableLike.foreach$(IterableLike.scala:70)
	at scala.collection.AbstractIterable.foreach(Iterable.scala:54)
	at scala.collection.TraversableLike$WithFilter.foreach(TraversableLike.scala:788)
	at scala.collection.MapLike$MappedValues.foreach(MapLike.scala:253)
	at scala.collection.TraversableOnce.toMap(TraversableOnce.scala:316)
	at scala.collection.TraversableOnce.toMap$(TraversableOnce.scala:314)
	at scala.collection.AbstractTraversable.toMap(Traversable.scala:104)
	at play.api.mvc.JWTCookieDataCodec.decode(Cookie.scala:637)
	at play.api.mvc.JWTCookieDataCodec.decode$(Cookie.scala:624)
	at play.api.mvc.DefaultJWTCookieDataCodec.decode(Cookie.scala:813)
	at play.api.mvc.FallbackCookieDataCodec.decode(Cookie.scala:799)
	at play.api.mvc.FallbackCookieDataCodec.decode$(Cookie.scala:790)
	at play.api.mvc.DefaultSessionCookieBaker.decode(Session.scala:124)
	at play.api.mvc.CookieBaker.decodeFromCookie(Cookie.scala:467)
	at play.api.mvc.CookieBaker.decodeFromCookie$(Cookie.scala:461)
	at play.api.mvc.DefaultSessionCookieBaker.decodeFromCookie(Session.scala:124)
	at play.api.mvc.request.DefaultRequestFactory$$anon$3.create(RequestFactory.scala:122)
	at play.api.mvc.request.DefaultRequestFactory$$anon$3.create(RequestFactory.scala:119)
	at play.api.mvc.request.LazyCell.value(Cell.scala:69)
	at play.api.mvc.RequestHeader.session(RequestHeader.scala:236)
	at play.api.mvc.RequestHeader.session$(RequestHeader.scala:236)
	at play.api.mvc.RequestHeaderImpl.session(RequestHeader.scala:357)
	at play.filters.csrf.CSRFActionHelper.getTokenToValidate(CSRFActions.scala:429)
	at play.filters.csrf.CSRFActionHelper.tagRequestFromHeader(CSRFActions.scala:441)
	at play.filters.csrf.CSRFAction.apply(CSRFActions.scala:61)
	at play.filters.csrf.CSRFAction.apply(CSRFActions.scala:43)
	at play.core.server.AkkaHttpServer.$anonfun$runAction$1(AkkaHttpServer.scala:425)
	at scala.concurrent.Future$.$anonfun$apply$1(Future.scala:653)
	at scala.util.Success.$anonfun$map$1(Try.scala:251)
	at scala.util.Success.map(Try.scala:209)
	at scala.concurrent.Future.$anonfun$map$1(Future.scala:287)
	at scala.concurrent.impl.Promise.liftedTree1$1(Promise.scala:29)
	at scala.concurrent.impl.Promise.$anonfun$transform$1(Promise.scala:29)
	at scala.concurrent.impl.CallbackRunnable.run(Promise.scala:60)
	at akka.dispatch.BatchingExecutor$AbstractBatch.processBatch(BatchingExecutor.scala:55)
	at akka.dispatch.BatchingExecutor$BlockableBatch.$anonfun$run$1(BatchingExecutor.scala:92)
	at scala.runtime.java8.JFunction0$mcV$sp.apply(JFunction0$mcV$sp.java:12)
	at scala.concurrent.BlockContext$.withBlockContext(BlockContext.scala:81)
	at akka.dispatch.BatchingExecutor$BlockableBatch.run(BatchingExecutor.scala:92)
	at akka.dispatch.TaskInvocation.run(AbstractDispatcher.scala:41)
	at akka.dispatch.ForkJoinExecutorConfigurator$AkkaForkJoinTask.exec(ForkJoinExecutorConfigurator.scala:49)
	at akka.dispatch.forkjoin.ForkJoinTask.doExec(ForkJoinTask.java:260)
	at akka.dispatch.forkjoin.ForkJoinPool$WorkQueue.runTask(ForkJoinPool.java:1339)
	at akka.dispatch.forkjoin.ForkJoinPool.runWorker(ForkJoinPool.java:1979)
	at akka.dispatch.forkjoin.ForkJoinWorkerThread.run(ForkJoinWorkerThread.java:107)
2021-03-07 23:22:13,555 [WARN] from play.api.mvc.DefaultJWTCookieDataCodec in application-akka.actor.default-dispatcher-2 - decode: could not decode JWT: null
java.lang.NullPointerException: null
	at play.api.mvc.JWTCookieDataCodec.$anonfun$decode$7(Cookie.scala:636)
	at scala.collection.MapLike$MappedValues.$anonfun$foreach$3(MapLike.scala:253)
	at scala.collection.TraversableLike$WithFilter.$anonfun$foreach$1(TraversableLike.scala:789)
	at scala.collection.Iterator.foreach(Iterator.scala:929)
	at scala.collection.Iterator.foreach$(Iterator.scala:929)
	at scala.collection.AbstractIterator.foreach(Iterator.scala:1417)
	at scala.collection.IterableLike.foreach(IterableLike.scala:71)
	at scala.collection.IterableLike.foreach$(IterableLike.scala:70)
	at scala.collection.AbstractIterable.foreach(Iterable.scala:54)
	at scala.collection.TraversableLike$WithFilter.foreach(TraversableLike.scala:788)
	at scala.collection.MapLike$MappedValues.foreach(MapLike.scala:253)
	at scala.collection.TraversableOnce.toMap(TraversableOnce.scala:316)
	at scala.collection.TraversableOnce.toMap$(TraversableOnce.scala:314)
	at scala.collection.AbstractTraversable.toMap(Traversable.scala:104)
	at play.api.mvc.JWTCookieDataCodec.decode(Cookie.scala:637)
	at play.api.mvc.JWTCookieDataCodec.decode$(Cookie.scala:624)
	at play.api.mvc.DefaultJWTCookieDataCodec.decode(Cookie.scala:813)
	at play.api.mvc.FallbackCookieDataCodec.decode(Cookie.scala:799)
	at play.api.mvc.FallbackCookieDataCodec.decode$(Cookie.scala:790)
	at play.api.mvc.DefaultSessionCookieBaker.decode(Session.scala:124)
	at play.api.mvc.CookieBaker.decodeFromCookie(Cookie.scala:467)
	at play.api.mvc.CookieBaker.decodeFromCookie$(Cookie.scala:461)
	at play.api.mvc.DefaultSessionCookieBaker.decodeFromCookie(Session.scala:124)
	at play.api.mvc.request.DefaultRequestFactory$$anon$3.create(RequestFactory.scala:122)
	at play.api.mvc.request.DefaultRequestFactory$$anon$3.create(RequestFactory.scala:119)
	at play.api.mvc.request.LazyCell.value(Cell.scala:69)
	at play.api.mvc.RequestHeader.session(RequestHeader.scala:236)
	at play.api.mvc.RequestHeader.session$(RequestHeader.scala:236)
	at play.api.mvc.RequestHeaderImpl.session(RequestHeader.scala:357)
	at play.filters.csrf.CSRFActionHelper.getTokenToValidate(CSRFActions.scala:429)
	at play.filters.csrf.CSRFActionHelper.tagRequestFromHeader(CSRFActions.scala:441)
	at play.filters.csrf.CSRFAction.apply(CSRFActions.scala:61)
	at play.filters.csrf.CSRFAction.apply(CSRFActions.scala:43)
	at play.core.server.AkkaHttpServer.$anonfun$runAction$1(AkkaHttpServer.scala:425)
	at scala.concurrent.Future$.$anonfun$apply$1(Future.scala:653)
	at scala.util.Success.$anonfun$map$1(Try.scala:251)
	at scala.util.Success.map(Try.scala:209)
	at scala.concurrent.Future.$anonfun$map$1(Future.scala:287)
	at scala.concurrent.impl.Promise.liftedTree1$1(Promise.scala:29)
	at scala.concurrent.impl.Promise.$anonfun$transform$1(Promise.scala:29)
	at scala.concurrent.impl.CallbackRunnable.run(Promise.scala:60)
	at akka.dispatch.BatchingExecutor$AbstractBatch.processBatch(BatchingExecutor.scala:55)
	at akka.dispatch.BatchingExecutor$BlockableBatch.$anonfun$run$1(BatchingExecutor.scala:92)
	at scala.runtime.java8.JFunction0$mcV$sp.apply(JFunction0$mcV$sp.java:12)
	at scala.concurrent.BlockContext$.withBlockContext(BlockContext.scala:81)
	at akka.dispatch.BatchingExecutor$BlockableBatch.run(BatchingExecutor.scala:92)
	at akka.dispatch.TaskInvocation.run(AbstractDispatcher.scala:41)
	at akka.dispatch.ForkJoinExecutorConfigurator$AkkaForkJoinTask.exec(ForkJoinExecutorConfigurator.scala:49)
	at akka.dispatch.forkjoin.ForkJoinTask.doExec(ForkJoinTask.java:260)
	at akka.dispatch.forkjoin.ForkJoinPool$WorkQueue.runTask(ForkJoinPool.java:1339)
	at akka.dispatch.forkjoin.ForkJoinPool.runWorker(ForkJoinPool.java:1979)
	at akka.dispatch.forkjoin.ForkJoinWorkerThread.run(ForkJoinWorkerThread.java:107)
2021-03-07 23:22:14,601 [WARN] from play.api.mvc.DefaultJWTCookieDataCodec in application-akka.actor.default-dispatcher-2 - decode: could not decode JWT: null
java.lang.NullPointerException: null
	at play.api.mvc.JWTCookieDataCodec.$anonfun$decode$7(Cookie.scala:636)
	at scala.collection.MapLike$MappedValues.$anonfun$foreach$3(MapLike.scala:253)
	at scala.collection.TraversableLike$WithFilter.$anonfun$foreach$1(TraversableLike.scala:789)
	at scala.collection.Iterator.foreach(Iterator.scala:929)
	at scala.collection.Iterator.foreach$(Iterator.scala:929)
	at scala.collection.AbstractIterator.foreach(Iterator.scala:1417)
	at scala.collection.IterableLike.foreach(IterableLike.scala:71)
	at scala.collection.IterableLike.foreach$(IterableLike.scala:70)
	at scala.collection.AbstractIterable.foreach(Iterable.scala:54)
	at scala.collection.TraversableLike$WithFilter.foreach(TraversableLike.scala:788)
	at scala.collection.MapLike$MappedValues.foreach(MapLike.scala:253)
	at scala.collection.TraversableOnce.toMap(TraversableOnce.scala:316)
	at scala.collection.TraversableOnce.toMap$(TraversableOnce.scala:314)
	at scala.collection.AbstractTraversable.toMap(Traversable.scala:104)
	at play.api.mvc.JWTCookieDataCodec.decode(Cookie.scala:637)
	at play.api.mvc.JWTCookieDataCodec.decode$(Cookie.scala:624)
	at play.api.mvc.DefaultJWTCookieDataCodec.decode(Cookie.scala:813)
	at play.api.mvc.FallbackCookieDataCodec.decode(Cookie.scala:799)
	at play.api.mvc.FallbackCookieDataCodec.decode$(Cookie.scala:790)
	at play.api.mvc.DefaultSessionCookieBaker.decode(Session.scala:124)
	at play.api.mvc.CookieBaker.decodeFromCookie(Cookie.scala:467)
	at play.api.mvc.CookieBaker.decodeFromCookie$(Cookie.scala:461)
	at play.api.mvc.DefaultSessionCookieBaker.decodeFromCookie(Session.scala:124)
	at play.api.mvc.request.DefaultRequestFactory$$anon$3.create(RequestFactory.scala:122)
	at play.api.mvc.request.DefaultRequestFactory$$anon$3.create(RequestFactory.scala:119)
	at play.api.mvc.request.LazyCell.value(Cell.scala:69)
	at play.api.mvc.RequestHeader.session(RequestHeader.scala:236)
	at play.api.mvc.RequestHeader.session$(RequestHeader.scala:236)
	at play.api.mvc.RequestHeaderImpl.session(RequestHeader.scala:357)
	at play.filters.csrf.CSRFActionHelper.getTokenToValidate(CSRFActions.scala:429)
	at play.filters.csrf.CSRFActionHelper.tagRequestFromHeader(CSRFActions.scala:441)
	at play.filters.csrf.CSRFAction.apply(CSRFActions.scala:61)
	at play.filters.csrf.CSRFAction.apply(CSRFActions.scala:43)
	at play.core.server.AkkaHttpServer.$anonfun$runAction$1(AkkaHttpServer.scala:425)
	at scala.concurrent.Future$.$anonfun$apply$1(Future.scala:653)
	at scala.util.Success.$anonfun$map$1(Try.scala:251)
	at scala.util.Success.map(Try.scala:209)
	at scala.concurrent.Future.$anonfun$map$1(Future.scala:287)
	at scala.concurrent.impl.Promise.liftedTree1$1(Promise.scala:29)
	at scala.concurrent.impl.Promise.$anonfun$transform$1(Promise.scala:29)
	at scala.concurrent.impl.CallbackRunnable.run(Promise.scala:60)
	at akka.dispatch.BatchingExecutor$AbstractBatch.processBatch(BatchingExecutor.scala:55)
	at akka.dispatch.BatchingExecutor$BlockableBatch.$anonfun$run$1(BatchingExecutor.scala:92)
	at scala.runtime.java8.JFunction0$mcV$sp.apply(JFunction0$mcV$sp.java:12)
	at scala.concurrent.BlockContext$.withBlockContext(BlockContext.scala:81)
	at akka.dispatch.BatchingExecutor$BlockableBatch.run(BatchingExecutor.scala:92)
	at akka.dispatch.TaskInvocation.run(AbstractDispatcher.scala:41)
	at akka.dispatch.ForkJoinExecutorConfigurator$AkkaForkJoinTask.exec(ForkJoinExecutorConfigurator.scala:49)
	at akka.dispatch.forkjoin.ForkJoinTask.doExec(ForkJoinTask.java:260)
	at akka.dispatch.forkjoin.ForkJoinPool$WorkQueue.runTask(ForkJoinPool.java:1339)
	at akka.dispatch.forkjoin.ForkJoinPool.runWorker(ForkJoinPool.java:1979)
	at akka.dispatch.forkjoin.ForkJoinWorkerThread.run(ForkJoinWorkerThread.java:107)
2021-03-07 23:22:27,446 [WARN] from play.api.mvc.DefaultJWTCookieDataCodec in application-akka.actor.default-dispatcher-2 - decode: could not decode JWT: null
java.lang.NullPointerException: null
	at play.api.mvc.JWTCookieDataCodec.$anonfun$decode$7(Cookie.scala:636)
	at scala.collection.MapLike$MappedValues.$anonfun$foreach$3(MapLike.scala:253)
	at scala.collection.TraversableLike$WithFilter.$anonfun$foreach$1(TraversableLike.scala:789)
	at scala.collection.Iterator.foreach(Iterator.scala:929)
	at scala.collection.Iterator.foreach$(Iterator.scala:929)
	at scala.collection.AbstractIterator.foreach(Iterator.scala:1417)
	at scala.collection.IterableLike.foreach(IterableLike.scala:71)
	at scala.collection.IterableLike.foreach$(IterableLike.scala:70)
	at scala.collection.AbstractIterable.foreach(Iterable.scala:54)
	at scala.collection.TraversableLike$WithFilter.foreach(TraversableLike.scala:788)
	at scala.collection.MapLike$MappedValues.foreach(MapLike.scala:253)
	at scala.collection.TraversableOnce.toMap(TraversableOnce.scala:316)
	at scala.collection.TraversableOnce.toMap$(TraversableOnce.scala:314)
	at scala.collection.AbstractTraversable.toMap(Traversable.scala:104)
	at play.api.mvc.JWTCookieDataCodec.decode(Cookie.scala:637)
	at play.api.mvc.JWTCookieDataCodec.decode$(Cookie.scala:624)
	at play.api.mvc.DefaultJWTCookieDataCodec.decode(Cookie.scala:813)
	at play.api.mvc.FallbackCookieDataCodec.decode(Cookie.scala:799)
	at play.api.mvc.FallbackCookieDataCodec.decode$(Cookie.scala:790)
	at play.api.mvc.DefaultSessionCookieBaker.decode(Session.scala:124)
	at play.api.mvc.CookieBaker.decodeFromCookie(Cookie.scala:467)
	at play.api.mvc.CookieBaker.decodeFromCookie$(Cookie.scala:461)
	at play.api.mvc.DefaultSessionCookieBaker.decodeFromCookie(Session.scala:124)
	at play.api.mvc.request.DefaultRequestFactory$$anon$3.create(RequestFactory.scala:122)
	at play.api.mvc.request.DefaultRequestFactory$$anon$3.create(RequestFactory.scala:119)
	at play.api.mvc.request.LazyCell.value(Cell.scala:69)
	at play.api.mvc.RequestHeader.session(RequestHeader.scala:236)
	at play.api.mvc.RequestHeader.session$(RequestHeader.scala:236)
	at play.api.mvc.RequestHeaderImpl.session(RequestHeader.scala:357)
	at play.filters.csrf.CSRFActionHelper.getTokenToValidate(CSRFActions.scala:429)
	at play.filters.csrf.CSRFActionHelper.tagRequestFromHeader(CSRFActions.scala:441)
	at play.filters.csrf.CSRFAction.apply(CSRFActions.scala:61)
	at play.filters.csrf.CSRFAction.apply(CSRFActions.scala:43)
	at play.core.server.AkkaHttpServer.$anonfun$runAction$1(AkkaHttpServer.scala:425)
	at scala.concurrent.Future$.$anonfun$apply$1(Future.scala:653)
	at scala.util.Success.$anonfun$map$1(Try.scala:251)
	at scala.util.Success.map(Try.scala:209)
	at scala.concurrent.Future.$anonfun$map$1(Future.scala:287)
	at scala.concurrent.impl.Promise.liftedTree1$1(Promise.scala:29)
	at scala.concurrent.impl.Promise.$anonfun$transform$1(Promise.scala:29)
	at scala.concurrent.impl.CallbackRunnable.run(Promise.scala:60)
	at akka.dispatch.BatchingExecutor$AbstractBatch.processBatch(BatchingExecutor.scala:55)
	at akka.dispatch.BatchingExecutor$BlockableBatch.$anonfun$run$1(BatchingExecutor.scala:92)
	at scala.runtime.java8.JFunction0$mcV$sp.apply(JFunction0$mcV$sp.java:12)
	at scala.concurrent.BlockContext$.withBlockContext(BlockContext.scala:81)
	at akka.dispatch.BatchingExecutor$BlockableBatch.run(BatchingExecutor.scala:92)
	at akka.dispatch.TaskInvocation.run(AbstractDispatcher.scala:41)
	at akka.dispatch.ForkJoinExecutorConfigurator$AkkaForkJoinTask.exec(ForkJoinExecutorConfigurator.scala:49)
	at akka.dispatch.forkjoin.ForkJoinTask.doExec(ForkJoinTask.java:260)
	at akka.dispatch.forkjoin.ForkJoinPool$WorkQueue.runTask(ForkJoinPool.java:1339)
	at akka.dispatch.forkjoin.ForkJoinPool.runWorker(ForkJoinPool.java:1979)
	at akka.dispatch.forkjoin.ForkJoinWorkerThread.run(ForkJoinWorkerThread.java:107)
2021-03-07 23:22:28,650 [WARN] from play.api.mvc.DefaultJWTCookieDataCodec in application-akka.actor.default-dispatcher-2 - decode: could not decode JWT: null
java.lang.NullPointerException: null
	at play.api.mvc.JWTCookieDataCodec.$anonfun$decode$7(Cookie.scala:636)
	at scala.collection.MapLike$MappedValues.$anonfun$foreach$3(MapLike.scala:253)
	at scala.collection.TraversableLike$WithFilter.$anonfun$foreach$1(TraversableLike.scala:789)
	at scala.collection.Iterator.foreach(Iterator.scala:929)
	at scala.collection.Iterator.foreach$(Iterator.scala:929)
	at scala.collection.AbstractIterator.foreach(Iterator.scala:1417)
	at scala.collection.IterableLike.foreach(IterableLike.scala:71)
	at scala.collection.IterableLike.foreach$(IterableLike.scala:70)
	at scala.collection.AbstractIterable.foreach(Iterable.scala:54)
	at scala.collection.TraversableLike$WithFilter.foreach(TraversableLike.scala:788)
	at scala.collection.MapLike$MappedValues.foreach(MapLike.scala:253)
	at scala.collection.TraversableOnce.toMap(TraversableOnce.scala:316)
	at scala.collection.TraversableOnce.toMap$(TraversableOnce.scala:314)
	at scala.collection.AbstractTraversable.toMap(Traversable.scala:104)
	at play.api.mvc.JWTCookieDataCodec.decode(Cookie.scala:637)
	at play.api.mvc.JWTCookieDataCodec.decode$(Cookie.scala:624)
	at play.api.mvc.DefaultJWTCookieDataCodec.decode(Cookie.scala:813)
	at play.api.mvc.FallbackCookieDataCodec.decode(Cookie.scala:799)
	at play.api.mvc.FallbackCookieDataCodec.decode$(Cookie.scala:790)
	at play.api.mvc.DefaultSessionCookieBaker.decode(Session.scala:124)
	at play.api.mvc.CookieBaker.decodeFromCookie(Cookie.scala:467)
	at play.api.mvc.CookieBaker.decodeFromCookie$(Cookie.scala:461)
	at play.api.mvc.DefaultSessionCookieBaker.decodeFromCookie(Session.scala:124)
	at play.api.mvc.request.DefaultRequestFactory$$anon$3.create(RequestFactory.scala:122)
	at play.api.mvc.request.DefaultRequestFactory$$anon$3.create(RequestFactory.scala:119)
	at play.api.mvc.request.LazyCell.value(Cell.scala:69)
	at play.api.mvc.RequestHeader.session(RequestHeader.scala:236)
	at play.api.mvc.RequestHeader.session$(RequestHeader.scala:236)
	at play.api.mvc.RequestHeaderImpl.session(RequestHeader.scala:357)
	at play.filters.csrf.CSRFActionHelper.getTokenToValidate(CSRFActions.scala:429)
	at play.filters.csrf.CSRFActionHelper.tagRequestFromHeader(CSRFActions.scala:441)
	at play.filters.csrf.CSRFAction.apply(CSRFActions.scala:61)
	at play.filters.csrf.CSRFAction.apply(CSRFActions.scala:43)
	at play.core.server.AkkaHttpServer.$anonfun$runAction$1(AkkaHttpServer.scala:425)
	at scala.concurrent.Future$.$anonfun$apply$1(Future.scala:653)
	at scala.util.Success.$anonfun$map$1(Try.scala:251)
	at scala.util.Success.map(Try.scala:209)
	at scala.concurrent.Future.$anonfun$map$1(Future.scala:287)
	at scala.concurrent.impl.Promise.liftedTree1$1(Promise.scala:29)
	at scala.concurrent.impl.Promise.$anonfun$transform$1(Promise.scala:29)
	at scala.concurrent.impl.CallbackRunnable.run(Promise.scala:60)
	at akka.dispatch.BatchingExecutor$AbstractBatch.processBatch(BatchingExecutor.scala:55)
	at akka.dispatch.BatchingExecutor$BlockableBatch.$anonfun$run$1(BatchingExecutor.scala:92)
	at scala.runtime.java8.JFunction0$mcV$sp.apply(JFunction0$mcV$sp.java:12)
	at scala.concurrent.BlockContext$.withBlockContext(BlockContext.scala:81)
	at akka.dispatch.BatchingExecutor$BlockableBatch.run(BatchingExecutor.scala:92)
	at akka.dispatch.TaskInvocation.run(AbstractDispatcher.scala:41)
	at akka.dispatch.ForkJoinExecutorConfigurator$AkkaForkJoinTask.exec(ForkJoinExecutorConfigurator.scala:49)
	at akka.dispatch.forkjoin.ForkJoinTask.doExec(ForkJoinTask.java:260)
	at akka.dispatch.forkjoin.ForkJoinPool$WorkQueue.runTask(ForkJoinPool.java:1339)
	at akka.dispatch.forkjoin.ForkJoinPool.runWorker(ForkJoinPool.java:1979)
	at akka.dispatch.forkjoin.ForkJoinWorkerThread.run(ForkJoinWorkerThread.java:107)
2021-03-07 23:22:31,927 [WARN] from play.api.mvc.DefaultJWTCookieDataCodec in application-akka.actor.default-dispatcher-2 - decode: could not decode JWT: null
java.lang.NullPointerException: null
	at play.api.mvc.JWTCookieDataCodec.$anonfun$decode$7(Cookie.scala:636)
	at scala.collection.MapLike$MappedValues.$anonfun$foreach$3(MapLike.scala:253)
	at scala.collection.TraversableLike$WithFilter.$anonfun$foreach$1(TraversableLike.scala:789)
	at scala.collection.Iterator.foreach(Iterator.scala:929)
	at scala.collection.Iterator.foreach$(Iterator.scala:929)
	at scala.collection.AbstractIterator.foreach(Iterator.scala:1417)
	at scala.collection.IterableLike.foreach(IterableLike.scala:71)
	at scala.collection.IterableLike.foreach$(IterableLike.scala:70)
	at scala.collection.AbstractIterable.foreach(Iterable.scala:54)
	at scala.collection.TraversableLike$WithFilter.foreach(TraversableLike.scala:788)
	at scala.collection.MapLike$MappedValues.foreach(MapLike.scala:253)
	at scala.collection.TraversableOnce.toMap(TraversableOnce.scala:316)
	at scala.collection.TraversableOnce.toMap$(TraversableOnce.scala:314)
	at scala.collection.AbstractTraversable.toMap(Traversable.scala:104)
	at play.api.mvc.JWTCookieDataCodec.decode(Cookie.scala:637)
	at play.api.mvc.JWTCookieDataCodec.decode$(Cookie.scala:624)
	at play.api.mvc.DefaultJWTCookieDataCodec.decode(Cookie.scala:813)
	at play.api.mvc.FallbackCookieDataCodec.decode(Cookie.scala:799)
	at play.api.mvc.FallbackCookieDataCodec.decode$(Cookie.scala:790)
	at play.api.mvc.DefaultSessionCookieBaker.decode(Session.scala:124)
	at play.api.mvc.CookieBaker.decodeFromCookie(Cookie.scala:467)
	at play.api.mvc.CookieBaker.decodeFromCookie$(Cookie.scala:461)
	at play.api.mvc.DefaultSessionCookieBaker.decodeFromCookie(Session.scala:124)
	at play.api.mvc.request.DefaultRequestFactory$$anon$3.create(RequestFactory.scala:122)
	at play.api.mvc.request.DefaultRequestFactory$$anon$3.create(RequestFactory.scala:119)
	at play.api.mvc.request.LazyCell.value(Cell.scala:69)
	at play.api.mvc.RequestHeader.session(RequestHeader.scala:236)
	at play.api.mvc.RequestHeader.session$(RequestHeader.scala:236)
	at play.api.mvc.RequestHeaderImpl.session(RequestHeader.scala:357)
	at play.filters.csrf.CSRFActionHelper.getTokenToValidate(CSRFActions.scala:429)
	at play.filters.csrf.CSRFActionHelper.tagRequestFromHeader(CSRFActions.scala:441)
	at play.filters.csrf.CSRFAction.apply(CSRFActions.scala:61)
	at play.filters.csrf.CSRFAction.apply(CSRFActions.scala:43)
	at play.core.server.AkkaHttpServer.$anonfun$runAction$1(AkkaHttpServer.scala:425)
	at scala.concurrent.Future$.$anonfun$apply$1(Future.scala:653)
	at scala.util.Success.$anonfun$map$1(Try.scala:251)
	at scala.util.Success.map(Try.scala:209)
	at scala.concurrent.Future.$anonfun$map$1(Future.scala:287)
	at scala.concurrent.impl.Promise.liftedTree1$1(Promise.scala:29)
	at scala.concurrent.impl.Promise.$anonfun$transform$1(Promise.scala:29)
	at scala.concurrent.impl.CallbackRunnable.run(Promise.scala:60)
	at akka.dispatch.BatchingExecutor$AbstractBatch.processBatch(BatchingExecutor.scala:55)
	at akka.dispatch.BatchingExecutor$BlockableBatch.$anonfun$run$1(BatchingExecutor.scala:92)
	at scala.runtime.java8.JFunction0$mcV$sp.apply(JFunction0$mcV$sp.java:12)
	at scala.concurrent.BlockContext$.withBlockContext(BlockContext.scala:81)
	at akka.dispatch.BatchingExecutor$BlockableBatch.run(BatchingExecutor.scala:92)
	at akka.dispatch.TaskInvocation.run(AbstractDispatcher.scala:41)
	at akka.dispatch.ForkJoinExecutorConfigurator$AkkaForkJoinTask.exec(ForkJoinExecutorConfigurator.scala:49)
	at akka.dispatch.forkjoin.ForkJoinTask.doExec(ForkJoinTask.java:260)
	at akka.dispatch.forkjoin.ForkJoinPool$WorkQueue.runTask(ForkJoinPool.java:1339)
	at akka.dispatch.forkjoin.ForkJoinPool.runWorker(ForkJoinPool.java:1979)
	at akka.dispatch.forkjoin.ForkJoinWorkerThread.run(ForkJoinWorkerThread.java:107)
